<?xml version="1.0" encoding="UTF-8"?>
<testng-results skipped="0" failed="0" total="1" passed="1">
  <reporter-output>
  </reporter-output>
  <suite name="Default suite" duration-ms="19998" started-at="2016-07-15T02:25:45Z" finished-at="2016-07-15T02:26:05Z">
    <groups>
    </groups>
    <test name="Default test" duration-ms="19998" started-at="2016-07-15T02:25:45Z" finished-at="2016-07-15T02:26:05Z">
      <class name="ru.stqa.selenium.CheckButtons">
        <test-method status="PASS" signature="setUp()[pri:0, instance:ru.stqa.selenium.CheckButtons@5622fdf]" name="setUp" is-config="true" duration-ms="6621" started-at="2016-07-15T09:25:45Z" finished-at="2016-07-15T09:25:51Z">
          <reporter-output>
          </reporter-output>
        </test-method> <!-- setUp -->
        <test-method status="PASS" signature="testCheckButtons()[pri:0, instance:ru.stqa.selenium.CheckButtons@5622fdf]" name="testCheckButtons" duration-ms="12658" started-at="2016-07-15T09:25:51Z" finished-at="2016-07-15T09:26:04Z">
          <reporter-output>
          </reporter-output>
        </test-method> <!-- testCheckButtons -->
        <test-method status="PASS" signature="tearDown()[pri:0, instance:ru.stqa.selenium.CheckButtons@5622fdf]" name="tearDown" is-config="true" duration-ms="704" started-at="2016-07-15T09:26:04Z" finished-at="2016-07-15T09:26:05Z">
          <reporter-output>
          </reporter-output>
        </test-method> <!-- tearDown -->
      </class> <!-- ru.stqa.selenium.CheckButtons -->
    </test> <!-- Default test -->
  </suite> <!-- Default suite -->
</testng-results>
